<?xml version="1.0" encoding="UTF-8"?>
<!-- Generated by org.testng.reporters.JUnitReportReporter -->
<testsuite hostname="LAPTOP-TE9MS9QG" failures="0" tests="1" name="testrunners.TestRunner" time="21.942" errors="0" timestamp="2024-05-27T03:53:57 CDT" skipped="0">
  <testcase classname="testrunners.TestRunner" name="runScenario" time="21.942"/>
</testsuite> <!-- testrunners.TestRunner -->
