<?xml version="1.0" encoding="UTF-8"?>
<!-- Generated by org.testng.reporters.JUnitReportReporter -->
<testsuite hostname="LAPTOP-TE9MS9QG" failures="0" tests="2" name="testcases.Login" time="14.976" errors="0" timestamp="2024-05-26T02:32:39 CDT" skipped="0">
  <testcase classname="testcases.Login" name="loginWithValidCredentials" time="4.543"/>
  <testcase classname="testcases.Login" name="loginWithoutValidCredentials" time="10.433"/>
</testsuite> <!-- testcases.Login -->
