<?xml version="1.0" encoding="UTF-8"?>
<!-- Generated by org.testng.reporters.JUnitReportReporter -->
<testsuite hostname="LAPTOP-TE9MS9QG" failures="0" tests="2" name="testcases.Login" time="11.504" errors="0" timestamp="2024-05-26T01:31:48 CDT" skipped="0">
  <testcase classname="testcases.Login" name="loginWithoutValidCredentials" time="8.262"/>
  <testcase classname="testcases.Login" name="loginWithValidCredentials" time="3.242"/>
</testsuite> <!-- testcases.Login -->
